\BOOKMARK [0][-]{chapter.1}{Introducci\363n}{}% 1
\BOOKMARK [1][-]{section.1.1}{Motivaci\363n}{chapter.1}% 2
\BOOKMARK [1][-]{section.1.2}{Antecedentes y estado del arte}{chapter.1}% 3
\BOOKMARK [0][-]{chapter.2}{Especificaci\363n de Requisitos}{}% 4
\BOOKMARK [1][-]{section.2.1}{Requisitos}{chapter.2}% 5
\BOOKMARK [2][-]{subsection.2.1.1}{Requisitos interfaz}{section.2.1}% 6
\BOOKMARK [2][-]{subsection.2.1.2}{Requisitos internos}{section.2.1}% 7
\BOOKMARK [1][-]{section.2.2}{Casos de uso}{chapter.2}% 8
\BOOKMARK [2][-]{subsection.2.2.1}{Interfaz de usuario}{section.2.2}% 9
\BOOKMARK [2][-]{subsection.2.2.2}{Aplicaci\363n}{section.2.2}% 10
\BOOKMARK [1][-]{section.2.3}{Fuente de los datos}{chapter.2}% 11
\BOOKMARK [2][-]{subsection.2.3.1}{OSM}{section.2.3}% 12
\BOOKMARK [2][-]{subsection.2.3.2}{Overpass}{section.2.3}% 13
\BOOKMARK [2][-]{subsection.2.3.3}{OSRM}{section.2.3}% 14
\BOOKMARK [2][-]{subsection.2.3.4}{Google Routes API}{section.2.3}% 15
\BOOKMARK [0][-]{chapter.3}{Planificaci\363n}{}% 16
\BOOKMARK [1][-]{section.3.1}{Objectivos}{chapter.3}% 17
\BOOKMARK [1][-]{section.3.2}{Diagrama de Gantt}{chapter.3}% 18
\BOOKMARK [0][-]{chapter.4}{An\341lisis}{}% 19
\BOOKMARK [1][-]{section.4.1}{Dise\361o de rutas tur\355sticas}{chapter.4}% 20
\BOOKMARK [1][-]{section.4.2}{Heur\355sticas del dise\361o}{chapter.4}% 21
\BOOKMARK [0][-]{chapter.5}{Dise\361o}{}% 22
\BOOKMARK [1][-]{section.5.1}{Diagrama de clases}{chapter.5}% 23
\BOOKMARK [1][-]{section.5.2}{Interfaz de Usuario}{chapter.5}% 24
\BOOKMARK [0][-]{chapter.6}{Implementaci\363n}{}% 25
\BOOKMARK [1][-]{section.6.1}{Interfaz de usuario}{chapter.6}% 26
\BOOKMARK [2][-]{subsection.6.1.1}{Mostrar mapa}{section.6.1}% 27
\BOOKMARK [2][-]{subsection.6.1.2}{Lista de puntos de inter\351s/alojamiento y lista soluci\363n}{section.6.1}% 28
\BOOKMARK [2][-]{subsection.6.1.3}{Mostrar diferentes soluciones}{section.6.1}% 29
\BOOKMARK [1][-]{section.6.2}{Procesos internos}{chapter.6}% 30
\BOOKMARK [2][-]{subsection.6.2.1}{Peticiones a servidores}{section.6.2}% 31
\BOOKMARK [2][-]{subsection.6.2.2}{Procesado de respuestas de servidor}{section.6.2}% 32
\BOOKMARK [2][-]{subsection.6.2.3}{C\341lculo de ruta}{section.6.2}% 33
\BOOKMARK [0][-]{chapter.7}{Pruebas}{}% 34
\BOOKMARK [0][-]{chapter.8}{Conclusiones}{}% 35
\BOOKMARK [1][-]{section.8.1}{Conclusiones}{chapter.8}% 36
\BOOKMARK [1][-]{section.8.2}{Trabajos futuros}{chapter.8}% 37
\BOOKMARK [0][-]{chapter*.20}{Bibliograf\355a}{}% 38
